[0m17:31:06.983102 [debug] [MainThread]: Sending event: {'category': 'dbt', 'action': 'invocation', 'label': 'start', 'context': [<snowplow_tracker.self_describing_json.SelfDescribingJson object at 0x0000022E3D64B590>, <snowplow_tracker.self_describing_json.SelfDescribingJson object at 0x0000022E403CB440>, <snowplow_tracker.self_describing_json.SelfDescribingJson object at 0x0000022E41AB0290>]}


============================== 17:31:07.023005 | a962f85a-c7b1-491d-8f3c-7c38509caf5a ==============================
[0m17:31:07.023005 [info ] [MainThread]: Running with dbt=1.10.13
[0m17:31:07.024271 [debug] [MainThread]: running dbt with arguments {'profiles_dir': 'C:\\Users\\jadesonb\\.dbt', 'log_format': 'default', 'target_path': 'None', 'use_colors': 'True', 'printer_width': '80', 'warn_error': 'None', 'log_path': 'logs', 'partial_parse': 'True', 'indirect_selection': 'eager', 'send_anonymous_usage_stats': 'True', 'static_parser': 'True', 'warn_error_options': 'WarnErrorOptionsV2(error=[], warn=[], silence=[])', 'fail_fast': 'False', 'version_check': 'True', 'use_experimental_parser': 'False', 'introspect': 'True', 'quiet': 'False', 'empty': 'None', 'log_cache_events': 'False', 'debug': 'False', 'no_print': 'None', 'invocation_command': 'dbt init', 'cache_selected_only': 'False', 'write_json': 'True'}
[0m17:31:18.688753 [debug] [MainThread]: Starter project path: C:\Users\jadesonb\workspaces\pessoal\data-projects\workshop_airflow_dbt\1_local_setup\.venv\Lib\site-packages\dbt\include\starter_project
[0m17:31:18.713751 [info ] [MainThread]: 
Your new dbt project "jornada_dw" was created!

For more information on how to configure the profiles.yml file,
please consult the dbt documentation here:

  https://docs.getdbt.com/docs/configure-your-profile

One more thing:

Need help? Don't hesitate to reach out to us via GitHub issues or on Slack:

  https://community.getdbt.com/

Happy modeling!

[0m17:31:18.714271 [info ] [MainThread]: Setting up your profile.
[0m17:35:13.144605 [info ] [MainThread]: Profile jornada_dw written to C:\Users\jadesonb\.dbt\profiles.yml using target's profile_template.yml and your supplied values. Run 'dbt debug' to validate the connection.
[0m17:35:13.145609 [debug] [MainThread]: Command `dbt init` succeeded at 17:35:13.145609 after 246.31 seconds
[0m17:35:13.145609 [debug] [MainThread]: Sending event: {'category': 'dbt', 'action': 'invocation', 'label': 'end', 'context': [<snowplow_tracker.self_describing_json.SelfDescribingJson object at 0x0000022E41C9E420>, <snowplow_tracker.self_describing_json.SelfDescribingJson object at 0x0000022E41D9B470>, <snowplow_tracker.self_describing_json.SelfDescribingJson object at 0x0000022E41D9B4D0>]}
[0m17:35:13.145609 [debug] [MainThread]: Flushing usage events
[0m17:35:13.943759 [debug] [MainThread]: An error was encountered while trying to flush usage events
[0m10:45:38.297700 [debug] [MainThread]: Sending event: {'category': 'dbt', 'action': 'invocation', 'label': 'start', 'context': [<snowplow_tracker.self_describing_json.SelfDescribingJson object at 0x000001C5A86782C0>, <snowplow_tracker.self_describing_json.SelfDescribingJson object at 0x000001C5A555D9D0>, <snowplow_tracker.self_describing_json.SelfDescribingJson object at 0x000001C5A8273440>]}


============================== 10:45:38.301685 | 73557a52-e4b0-4434-9c0e-60f67e6bd47f ==============================
[0m10:45:38.301685 [info ] [MainThread]: Running with dbt=1.10.13
[0m10:45:38.302055 [debug] [MainThread]: running dbt with arguments {'invocation_command': 'dbt deps', 'no_print': 'None', 'write_json': 'True', 'log_format': 'default', 'printer_width': '80', 'warn_error': 'None', 'static_parser': 'True', 'partial_parse': 'True', 'log_path': 'logs', 'send_anonymous_usage_stats': 'True', 'fail_fast': 'False', 'warn_error_options': 'WarnErrorOptionsV2(error=[], warn=[], silence=[])', 'indirect_selection': 'eager', 'version_check': 'True', 'use_experimental_parser': 'False', 'quiet': 'False', 'introspect': 'True', 'empty': 'None', 'log_cache_events': 'False', 'debug': 'False', 'profiles_dir': 'C:\\Users\\jadesonb\\.dbt', 'use_colors': 'True', 'cache_selected_only': 'False', 'target_path': 'None'}
[0m10:45:38.302559 [error] [MainThread]: Encountered an error:
Runtime Error
  No dbt_project.yml found at expected path C:\Users\jadesonb\workspaces\pessoal\data-projects\workshop_airflow_dbt\2_data_warehouse\dbt_project.yml
  Verify that each entry within packages.yml (and their transitive dependencies) contains a file named dbt_project.yml
  
[0m10:45:38.302559 [debug] [MainThread]: Command `dbt deps` failed at 10:45:38.302559 after 0.14 seconds
[0m10:45:38.303575 [debug] [MainThread]: Sending event: {'category': 'dbt', 'action': 'invocation', 'label': 'end', 'context': [<snowplow_tracker.self_describing_json.SelfDescribingJson object at 0x000001C5A55073E0>, <snowplow_tracker.self_describing_json.SelfDescribingJson object at 0x000001C5A8826ED0>, <snowplow_tracker.self_describing_json.SelfDescribingJson object at 0x000001C5A8826E40>]}
[0m10:45:38.303575 [debug] [MainThread]: Flushing usage events
[0m10:45:39.079254 [debug] [MainThread]: An error was encountered while trying to flush usage events
[0m11:31:02.584069 [debug] [MainThread]: Sending event: {'category': 'dbt', 'action': 'invocation', 'label': 'start', 'context': [<snowplow_tracker.self_describing_json.SelfDescribingJson object at 0x000001BBD504FE30>, <snowplow_tracker.self_describing_json.SelfDescribingJson object at 0x000001BBD57670B0>, <snowplow_tracker.self_describing_json.SelfDescribingJson object at 0x000001BBD5765DC0>]}


============================== 11:31:02.588335 | de6d5ea2-d4bb-4eee-a857-f9717bfaa27d ==============================
[0m11:31:02.588335 [info ] [MainThread]: Running with dbt=1.10.13
[0m11:31:02.588335 [debug] [MainThread]: running dbt with arguments {'printer_width': '80', 'target_path': 'None', 'no_print': 'None', 'profiles_dir': 'C:\\Users\\jadesonb\\.dbt', 'invocation_command': 'dbt build --exclude-resource-type seed', 'warn_error': 'None', 'log_path': 'logs', 'fail_fast': 'False', 'indirect_selection': 'eager', 'send_anonymous_usage_stats': 'True', 'static_parser': 'True', 'warn_error_options': 'WarnErrorOptionsV2(error=[], warn=[], silence=[])', 'partial_parse': 'True', 'version_check': 'True', 'use_experimental_parser': 'False', 'quiet': 'False', 'introspect': 'True', 'empty': 'False', 'log_cache_events': 'False', 'debug': 'False', 'log_format': 'default', 'use_colors': 'True', 'cache_selected_only': 'False', 'write_json': 'True'}
[0m11:31:02.588335 [error] [MainThread]: Encountered an error:
Runtime Error
  No dbt_project.yml found at expected path C:\Users\jadesonb\workspaces\pessoal\data-projects\workshop_airflow_dbt\2_data_warehouse\dbt_project.yml
  Verify that each entry within packages.yml (and their transitive dependencies) contains a file named dbt_project.yml
  
[0m11:31:02.590356 [debug] [MainThread]: Command `dbt build` failed at 11:31:02.590356 after 0.24 seconds
[0m11:31:02.590356 [debug] [MainThread]: Sending event: {'category': 'dbt', 'action': 'invocation', 'label': 'end', 'context': [<snowplow_tracker.self_describing_json.SelfDescribingJson object at 0x000001BBD57E11C0>, <snowplow_tracker.self_describing_json.SelfDescribingJson object at 0x000001BBD57670B0>, <snowplow_tracker.self_describing_json.SelfDescribingJson object at 0x000001BBD5765DC0>]}
[0m11:31:02.590870 [debug] [MainThread]: Flushing usage events
[0m11:31:03.605188 [debug] [MainThread]: An error was encountered while trying to flush usage events
